2022-06-14 22:01:20,956 [Worker-7: Updating Maven Dependencies] WARN  o.e.m.c.i.markers.MarkerUtils - Could not find OSGI service for org.eclipse.m2e.core.internal.markers.IEditorMarkerService
2022-06-14 22:01:21,588 [Worker-0: Building] WARN  o.e.m.c.i.markers.MarkerUtils - Could not find OSGI service for org.eclipse.m2e.core.internal.markers.IEditorMarkerService
2022-06-14 22:01:22,162 [Worker-0: Building] INFO  o.e.m.c.i.l.LifecycleMappingFactory - Using org.eclipse.m2e.jdt.JarLifecycleMapping lifecycle mapping for MavenProject: net.codejava.server:ServerApp:0.0.1-SNAPSHOT @ D:\yahya\java projects\MyCompany\ServerApp\pom.xml.
2022-06-14 22:01:22,162 [Worker-7: Updating Maven Dependencies] INFO  o.e.m.c.i.l.LifecycleMappingFactory - Using org.eclipse.m2e.jdt.JarLifecycleMapping lifecycle mapping for MavenProject: net.codejava.server:ServerApp:0.0.1-SNAPSHOT @ D:\yahya\java projects\MyCompany\ServerApp\pom.xml.
2022-06-14 22:01:23,097 [Worker-0: Building] WARN  o.e.m.c.i.embedder.EclipseLogger - Using platform encoding (Cp1255 actually) to copy filtered resources, i.e. build is platform dependent!
2022-06-14 22:01:23,102 [Worker-0: Building] INFO  o.e.m.c.i.embedder.EclipseLogger - Copying 0 resource
2022-06-14 22:01:23,105 [Worker-0: Building] WARN  o.e.m.c.i.embedder.EclipseLogger - Using platform encoding (Cp1255 actually) to copy filtered resources, i.e. build is platform dependent!
2022-06-14 22:01:23,106 [Worker-0: Building] INFO  o.e.m.c.i.embedder.EclipseLogger - Copying 0 resource
2022-06-14 22:01:24,151 [Worker-0: Updating Maven Dependencies] WARN  o.e.m.c.i.markers.MarkerUtils - Could not find OSGI service for org.eclipse.m2e.core.internal.markers.IEditorMarkerService
2022-06-14 22:01:24,857 [Worker-0: Updating Maven Dependencies] INFO  o.e.m.c.i.l.LifecycleMappingFactory - Using org.eclipse.m2e.jdt.JarLifecycleMapping lifecycle mapping for MavenProject: net.codejava.server:ServerApp:0.0.1-SNAPSHOT @ D:\yahya\java projects\MyCompany\ServerApp\pom.xml.
2022-06-14 22:01:25,100 [Worker-8: Building] WARN  o.e.m.c.i.embedder.EclipseLogger - Using platform encoding (Cp1255 actually) to copy filtered resources, i.e. build is platform dependent!
2022-06-14 22:01:25,103 [Worker-8: Building] INFO  o.e.m.c.i.embedder.EclipseLogger - Copying 0 resource
2022-06-14 22:01:25,105 [Worker-8: Building] WARN  o.e.m.c.i.embedder.EclipseLogger - Using platform encoding (Cp1255 actually) to copy filtered resources, i.e. build is platform dependent!
2022-06-14 22:01:25,106 [Worker-8: Building] INFO  o.e.m.c.i.embedder.EclipseLogger - Copying 0 resource
2022-06-14 22:01:26,160 [Worker-0: Building] WARN  o.e.m.c.i.embedder.EclipseLogger - Using platform encoding (Cp1255 actually) to copy filtered resources, i.e. build is platform dependent!
2022-06-14 22:01:26,161 [Worker-0: Building] INFO  o.e.m.c.i.embedder.EclipseLogger - Copying 0 resource
2022-06-14 22:01:26,162 [Worker-0: Building] WARN  o.e.m.c.i.embedder.EclipseLogger - Using platform encoding (Cp1255 actually) to copy filtered resources, i.e. build is platform dependent!
2022-06-14 22:01:26,163 [Worker-0: Building] INFO  o.e.m.c.i.embedder.EclipseLogger - Copying 0 resource
2022-06-14 22:10:47,259 [Worker-10: Building] WARN  o.e.m.c.i.embedder.EclipseLogger - Using platform encoding (Cp1255 actually) to copy filtered resources, i.e. build is platform dependent!
2022-06-14 22:10:47,260 [Worker-10: Building] INFO  o.e.m.c.i.embedder.EclipseLogger - Copying 0 resource
2022-06-14 22:10:47,262 [Worker-10: Building] WARN  o.e.m.c.i.embedder.EclipseLogger - Using platform encoding (Cp1255 actually) to copy filtered resources, i.e. build is platform dependent!
2022-06-14 22:10:47,263 [Worker-10: Building] INFO  o.e.m.c.i.embedder.EclipseLogger - Copying 0 resource
2022-06-14 22:12:47,848 [Worker-1: Building] WARN  o.e.m.c.i.embedder.EclipseLogger - Using platform encoding (Cp1255 actually) to copy filtered resources, i.e. build is platform dependent!
2022-06-14 22:12:47,849 [Worker-1: Building] INFO  o.e.m.c.i.embedder.EclipseLogger - Copying 0 resource
2022-06-14 22:12:47,850 [Worker-1: Building] WARN  o.e.m.c.i.embedder.EclipseLogger - Using platform encoding (Cp1255 actually) to copy filtered resources, i.e. build is platform dependent!
2022-06-14 22:12:47,851 [Worker-1: Building] INFO  o.e.m.c.i.embedder.EclipseLogger - Copying 0 resource
2022-06-14 22:12:57,517 [Worker-1: Building] WARN  o.e.m.c.i.embedder.EclipseLogger - Using platform encoding (Cp1255 actually) to copy filtered resources, i.e. build is platform dependent!
2022-06-14 22:12:57,517 [Worker-1: Building] INFO  o.e.m.c.i.embedder.EclipseLogger - Copying 0 resource
2022-06-14 22:12:57,518 [Worker-1: Building] WARN  o.e.m.c.i.embedder.EclipseLogger - Using platform encoding (Cp1255 actually) to copy filtered resources, i.e. build is platform dependent!
2022-06-14 22:12:57,519 [Worker-1: Building] INFO  o.e.m.c.i.embedder.EclipseLogger - Copying 0 resource
2022-06-14 22:13:14,559 [Worker-10: Building] WARN  o.e.m.c.i.embedder.EclipseLogger - Using platform encoding (Cp1255 actually) to copy filtered resources, i.e. build is platform dependent!
2022-06-14 22:13:14,560 [Worker-10: Building] INFO  o.e.m.c.i.embedder.EclipseLogger - Copying 0 resource
2022-06-14 22:13:14,562 [Worker-10: Building] WARN  o.e.m.c.i.embedder.EclipseLogger - Using platform encoding (Cp1255 actually) to copy filtered resources, i.e. build is platform dependent!
2022-06-14 22:13:14,562 [Worker-10: Building] INFO  o.e.m.c.i.embedder.EclipseLogger - Copying 0 resource
2022-06-14 22:13:42,558 [Worker-9: Building] WARN  o.e.m.c.i.embedder.EclipseLogger - Using platform encoding (Cp1255 actually) to copy filtered resources, i.e. build is platform dependent!
2022-06-14 22:13:42,559 [Worker-9: Building] INFO  o.e.m.c.i.embedder.EclipseLogger - Copying 0 resource
2022-06-14 22:13:42,560 [Worker-9: Building] WARN  o.e.m.c.i.embedder.EclipseLogger - Using platform encoding (Cp1255 actually) to copy filtered resources, i.e. build is platform dependent!
2022-06-14 22:13:42,561 [Worker-9: Building] INFO  o.e.m.c.i.embedder.EclipseLogger - Copying 0 resource
2022-06-14 22:13:54,815 [Worker-10: Building] WARN  o.e.m.c.i.embedder.EclipseLogger - Using platform encoding (Cp1255 actually) to copy filtered resources, i.e. build is platform dependent!
2022-06-14 22:13:54,816 [Worker-10: Building] INFO  o.e.m.c.i.embedder.EclipseLogger - Copying 0 resource
2022-06-14 22:13:54,818 [Worker-10: Building] WARN  o.e.m.c.i.embedder.EclipseLogger - Using platform encoding (Cp1255 actually) to copy filtered resources, i.e. build is platform dependent!
2022-06-14 22:13:54,819 [Worker-10: Building] INFO  o.e.m.c.i.embedder.EclipseLogger - Copying 0 resource
2022-06-14 22:14:10,249 [Worker-10: Building] WARN  o.e.m.c.i.embedder.EclipseLogger - Using platform encoding (Cp1255 actually) to copy filtered resources, i.e. build is platform dependent!
2022-06-14 22:14:10,250 [Worker-10: Building] INFO  o.e.m.c.i.embedder.EclipseLogger - Copying 0 resource
2022-06-14 22:14:10,251 [Worker-10: Building] WARN  o.e.m.c.i.embedder.EclipseLogger - Using platform encoding (Cp1255 actually) to copy filtered resources, i.e. build is platform dependent!
2022-06-14 22:14:10,252 [Worker-10: Building] INFO  o.e.m.c.i.embedder.EclipseLogger - Copying 0 resource
2022-06-14 22:14:22,160 [Worker-0: Building] WARN  o.e.m.c.i.embedder.EclipseLogger - Using platform encoding (Cp1255 actually) to copy filtered resources, i.e. build is platform dependent!
2022-06-14 22:14:22,161 [Worker-0: Building] INFO  o.e.m.c.i.embedder.EclipseLogger - Copying 0 resource
2022-06-14 22:14:22,162 [Worker-0: Building] WARN  o.e.m.c.i.embedder.EclipseLogger - Using platform encoding (Cp1255 actually) to copy filtered resources, i.e. build is platform dependent!
2022-06-14 22:14:22,163 [Worker-0: Building] INFO  o.e.m.c.i.embedder.EclipseLogger - Copying 0 resource
2022-06-14 22:14:48,407 [Worker-12: Building] WARN  o.e.m.c.i.embedder.EclipseLogger - Using platform encoding (Cp1255 actually) to copy filtered resources, i.e. build is platform dependent!
2022-06-14 22:14:48,408 [Worker-12: Building] INFO  o.e.m.c.i.embedder.EclipseLogger - Copying 0 resource
2022-06-14 22:14:48,409 [Worker-12: Building] WARN  o.e.m.c.i.embedder.EclipseLogger - Using platform encoding (Cp1255 actually) to copy filtered resources, i.e. build is platform dependent!
2022-06-14 22:14:48,410 [Worker-12: Building] INFO  o.e.m.c.i.embedder.EclipseLogger - Copying 0 resource
2022-06-14 22:15:01,746 [Worker-0: Building] WARN  o.e.m.c.i.embedder.EclipseLogger - Using platform encoding (Cp1255 actually) to copy filtered resources, i.e. build is platform dependent!
2022-06-14 22:15:01,747 [Worker-0: Building] INFO  o.e.m.c.i.embedder.EclipseLogger - Copying 0 resource
2022-06-14 22:15:01,748 [Worker-0: Building] WARN  o.e.m.c.i.embedder.EclipseLogger - Using platform encoding (Cp1255 actually) to copy filtered resources, i.e. build is platform dependent!
2022-06-14 22:15:01,749 [Worker-0: Building] INFO  o.e.m.c.i.embedder.EclipseLogger - Copying 0 resource
2022-06-14 22:15:06,021 [Worker-1: Building] WARN  o.e.m.c.i.embedder.EclipseLogger - Using platform encoding (Cp1255 actually) to copy filtered resources, i.e. build is platform dependent!
2022-06-14 22:15:06,023 [Worker-1: Building] INFO  o.e.m.c.i.embedder.EclipseLogger - Copying 0 resource
2022-06-14 22:15:06,025 [Worker-1: Building] WARN  o.e.m.c.i.embedder.EclipseLogger - Using platform encoding (Cp1255 actually) to copy filtered resources, i.e. build is platform dependent!
2022-06-14 22:15:06,026 [Worker-1: Building] INFO  o.e.m.c.i.embedder.EclipseLogger - Copying 0 resource
2022-06-14 22:15:22,883 [Worker-1: Building] WARN  o.e.m.c.i.embedder.EclipseLogger - Using platform encoding (Cp1255 actually) to copy filtered resources, i.e. build is platform dependent!
2022-06-14 22:15:22,884 [Worker-1: Building] INFO  o.e.m.c.i.embedder.EclipseLogger - Copying 0 resource
2022-06-14 22:15:22,886 [Worker-1: Building] WARN  o.e.m.c.i.embedder.EclipseLogger - Using platform encoding (Cp1255 actually) to copy filtered resources, i.e. build is platform dependent!
2022-06-14 22:15:22,886 [Worker-1: Building] INFO  o.e.m.c.i.embedder.EclipseLogger - Copying 0 resource
2022-06-14 22:15:25,693 [Worker-10: Building] WARN  o.e.m.c.i.embedder.EclipseLogger - Using platform encoding (Cp1255 actually) to copy filtered resources, i.e. build is platform dependent!
2022-06-14 22:15:25,694 [Worker-10: Building] INFO  o.e.m.c.i.embedder.EclipseLogger - Copying 0 resource
2022-06-14 22:15:25,694 [Worker-10: Building] WARN  o.e.m.c.i.embedder.EclipseLogger - Using platform encoding (Cp1255 actually) to copy filtered resources, i.e. build is platform dependent!
2022-06-14 22:15:25,695 [Worker-10: Building] INFO  o.e.m.c.i.embedder.EclipseLogger - Copying 0 resource
2022-06-14 22:31:14,209 [Worker-1: Building] WARN  o.e.m.c.i.embedder.EclipseLogger - Using platform encoding (Cp1255 actually) to copy filtered resources, i.e. build is platform dependent!
2022-06-14 22:31:14,255 [Worker-1: Building] INFO  o.e.m.c.i.embedder.EclipseLogger - Copying 0 resource
2022-06-14 22:31:14,257 [Worker-1: Building] WARN  o.e.m.c.i.embedder.EclipseLogger - Using platform encoding (Cp1255 actually) to copy filtered resources, i.e. build is platform dependent!
2022-06-14 22:31:14,298 [Worker-1: Building] INFO  o.e.m.c.i.embedder.EclipseLogger - Copying 0 resource
2022-06-14 22:31:15,324 [Worker-1: Building] WARN  o.e.m.c.i.embedder.EclipseLogger - Using platform encoding (Cp1255 actually) to copy filtered resources, i.e. build is platform dependent!
2022-06-14 22:31:15,326 [Worker-1: Building] INFO  o.e.m.c.i.embedder.EclipseLogger - Copying 0 resource
2022-06-14 22:31:15,329 [Worker-1: Building] WARN  o.e.m.c.i.embedder.EclipseLogger - Using platform encoding (Cp1255 actually) to copy filtered resources, i.e. build is platform dependent!
2022-06-14 22:31:15,329 [Worker-1: Building] INFO  o.e.m.c.i.embedder.EclipseLogger - Copying 0 resource
2022-06-14 22:31:59,959 [Worker-1: Building] WARN  o.e.m.c.i.embedder.EclipseLogger - Using platform encoding (Cp1255 actually) to copy filtered resources, i.e. build is platform dependent!
2022-06-14 22:31:59,960 [Worker-1: Building] INFO  o.e.m.c.i.embedder.EclipseLogger - Copying 0 resource
2022-06-14 22:31:59,962 [Worker-1: Building] WARN  o.e.m.c.i.embedder.EclipseLogger - Using platform encoding (Cp1255 actually) to copy filtered resources, i.e. build is platform dependent!
2022-06-14 22:31:59,962 [Worker-1: Building] INFO  o.e.m.c.i.embedder.EclipseLogger - Copying 0 resource
2022-06-14 22:37:47,883 [Worker-16: Building] WARN  o.e.m.c.i.embedder.EclipseLogger - Using platform encoding (Cp1255 actually) to copy filtered resources, i.e. build is platform dependent!
2022-06-14 22:37:47,884 [Worker-16: Building] INFO  o.e.m.c.i.embedder.EclipseLogger - Copying 0 resource
2022-06-14 22:37:47,886 [Worker-16: Building] WARN  o.e.m.c.i.embedder.EclipseLogger - Using platform encoding (Cp1255 actually) to copy filtered resources, i.e. build is platform dependent!
2022-06-14 22:37:47,887 [Worker-16: Building] INFO  o.e.m.c.i.embedder.EclipseLogger - Copying 0 resource
